<?xml version="1.0" encoding="UTF-8"?>
<testsuite xmlns:xsi="http://www.w3.org/2001/XMLSchema-instance" xsi:noNamespaceSchemaLocation="https://maven.apache.org/surefire/maven-surefire-plugin/xsd/surefire-test-report.xsd" name="example.micronaut.FunctionRequestHandlerTest" time="1.041" tests="2" errors="0" skipped="0" failures="0">
  <properties>
    <property name="awt.toolkit" value="sun.awt.X11.XToolkit"/>
    <property name="java.specification.version" value="11"/>
    <property name="sun.cpu.isalist" value=""/>
    <property name="sun.jnu.encoding" value="UTF-8"/>
    <property name="java.class.path" value="/local/home/jianwww/myworkplace/Micronaut/target/test-classes:/local/home/jianwww/myworkplace/Micronaut/target/classes:/home/jianwww/.m2/repository/io/micronaut/micronaut-inject/3.8.4/micronaut-inject-3.8.4.jar:/home/jianwww/.m2/repository/org/slf4j/slf4j-api/1.7.36/slf4j-api-1.7.36.jar:/home/jianwww/.m2/repository/javax/annotation/javax.annotation-api/1.3.2/javax.annotation-api-1.3.2.jar:/home/jianwww/.m2/repository/jakarta/inject/jakarta.inject-api/2.0.1/jakarta.inject-api-2.0.1.jar:/home/jianwww/.m2/repository/io/micronaut/micronaut-core/3.8.4/micronaut-core-3.8.4.jar:/home/jianwww/.m2/repository/org/yaml/snakeyaml/1.33/snakeyaml-1.33.jar:/home/jianwww/.m2/repository/io/micronaut/micronaut-validation/3.8.4/micronaut-validation-3.8.4.jar:/home/jianwww/.m2/repository/io/micronaut/micronaut-core-reactive/3.8.4/micronaut-core-reactive-3.8.4.jar:/home/jianwww/.m2/repository/org/reactivestreams/reactive-streams/1.0.4/reactive-streams-1.0.4.jar:/home/jianwww/.m2/repository/javax/validation/validation-api/2.0.1.Final/validation-api-2.0.1.Final.jar:/home/jianwww/.m2/repository/io/projectreactor/reactor-core/3.5.0/reactor-core-3.5.0.jar:/home/jianwww/.m2/repository/io/micronaut/aws/micronaut-function-aws/3.10.5/micronaut-function-aws-3.10.5.jar:/home/jianwww/.m2/repository/io/micronaut/micronaut-function/3.8.4/micronaut-function-3.8.4.jar:/home/jianwww/.m2/repository/io/micronaut/micronaut-http/3.8.4/micronaut-http-3.8.4.jar:/home/jianwww/.m2/repository/com/amazonaws/aws-lambda-java-core/1.2.2/aws-lambda-java-core-1.2.2.jar:/home/jianwww/.m2/repository/io/micronaut/aws/micronaut-function-aws-custom-runtime/3.10.5/micronaut-function-aws-custom-runtime-3.10.5.jar:/home/jianwww/.m2/repository/io/micronaut/aws/micronaut-aws-ua/3.10.5/micronaut-aws-ua-3.10.5.jar:/home/jianwww/.m2/repository/com/amazonaws/aws-lambda-java-events/3.11.0/aws-lambda-java-events-3.11.0.jar:/home/jianwww/.m2/repository/joda-time/joda-time/2.6/joda-time-2.6.jar:/home/jianwww/.m2/repository/io/micronaut/micronaut-http-client/3.8.4/micronaut-http-client-3.8.4.jar:/home/jianwww/.m2/repository/io/micronaut/micronaut-runtime/3.8.4/micronaut-runtime-3.8.4.jar:/home/jianwww/.m2/repository/io/micronaut/micronaut-aop/3.8.4/micronaut-aop-3.8.4.jar:/home/jianwww/.m2/repository/io/micronaut/micronaut-context/3.8.4/micronaut-context-3.8.4.jar:/home/jianwww/.m2/repository/io/micronaut/micronaut-http-client-core/3.8.4/micronaut-http-client-core-3.8.4.jar:/home/jianwww/.m2/repository/io/micronaut/micronaut-websocket/3.8.4/micronaut-websocket-3.8.4.jar:/home/jianwww/.m2/repository/io/micronaut/micronaut-http-netty/3.8.4/micronaut-http-netty-3.8.4.jar:/home/jianwww/.m2/repository/io/micronaut/micronaut-buffer-netty/3.8.4/micronaut-buffer-netty-3.8.4.jar:/home/jianwww/.m2/repository/io/netty/netty-codec-http/4.1.86.Final/netty-codec-http-4.1.86.Final.jar:/home/jianwww/.m2/repository/io/netty/netty-codec-http2/4.1.86.Final/netty-codec-http2-4.1.86.Final.jar:/home/jianwww/.m2/repository/io/netty/netty-handler/4.1.86.Final/netty-handler-4.1.86.Final.jar:/home/jianwww/.m2/repository/io/netty/netty-resolver/4.1.86.Final/netty-resolver-4.1.86.Final.jar:/home/jianwww/.m2/repository/io/netty/netty-transport-native-unix-common/4.1.86.Final/netty-transport-native-unix-common-4.1.86.Final.jar:/home/jianwww/.m2/repository/io/netty/netty-handler-proxy/4.1.86.Final/netty-handler-proxy-4.1.86.Final.jar:/home/jianwww/.m2/repository/io/netty/netty-common/4.1.86.Final/netty-common-4.1.86.Final.jar:/home/jianwww/.m2/repository/io/netty/netty-buffer/4.1.86.Final/netty-buffer-4.1.86.Final.jar:/home/jianwww/.m2/repository/io/netty/netty-transport/4.1.86.Final/netty-transport-4.1.86.Final.jar:/home/jianwww/.m2/repository/io/netty/netty-codec/4.1.86.Final/netty-codec-4.1.86.Final.jar:/home/jianwww/.m2/repository/io/netty/netty-codec-socks/4.1.86.Final/netty-codec-socks-4.1.86.Final.jar:/home/jianwww/.m2/repository/io/micronaut/micronaut-jackson-databind/3.8.4/micronaut-jackson-databind-3.8.4.jar:/home/jianwww/.m2/repository/io/micronaut/micronaut-jackson-core/3.8.4/micronaut-jackson-core-3.8.4.jar:/home/jianwww/.m2/repository/io/micronaut/micronaut-json-core/3.8.4/micronaut-json-core-3.8.4.jar:/home/jianwww/.m2/repository/com/fasterxml/jackson/core/jackson-core/2.14.0/jackson-core-2.14.0.jar:/home/jianwww/.m2/repository/com/fasterxml/jackson/core/jackson-annotations/2.14.0/jackson-annotations-2.14.0.jar:/home/jianwww/.m2/repository/com/fasterxml/jackson/core/jackson-databind/2.14.1/jackson-databind-2.14.1.jar:/home/jianwww/.m2/repository/com/fasterxml/jackson/datatype/jackson-datatype-jdk8/2.14.0/jackson-datatype-jdk8-2.14.0.jar:/home/jianwww/.m2/repository/com/fasterxml/jackson/datatype/jackson-datatype-jsr310/2.14.0/jackson-datatype-jsr310-2.14.0.jar:/home/jianwww/.m2/repository/jakarta/annotation/jakarta.annotation-api/2.1.1/jakarta.annotation-api-2.1.1.jar:/home/jianwww/.m2/repository/ch/qos/logback/logback-classic/1.2.11/logback-classic-1.2.11.jar:/home/jianwww/.m2/repository/ch/qos/logback/logback-core/1.2.11/logback-core-1.2.11.jar:/home/jianwww/.m2/repository/io/micronaut/test/micronaut-test-junit5/3.8.2/micronaut-test-junit5-3.8.2.jar:/home/jianwww/.m2/repository/io/micronaut/test/micronaut-test-core/3.8.2/micronaut-test-core-3.8.2.jar:/home/jianwww/.m2/repository/org/junit/jupiter/junit-jupiter-api/5.9.1/junit-jupiter-api-5.9.1.jar:/home/jianwww/.m2/repository/org/opentest4j/opentest4j/1.2.0/opentest4j-1.2.0.jar:/home/jianwww/.m2/repository/org/junit/platform/junit-platform-commons/1.9.1/junit-platform-commons-1.9.1.jar:/home/jianwww/.m2/repository/org/apiguardian/apiguardian-api/1.1.2/apiguardian-api-1.1.2.jar:/home/jianwww/.m2/repository/org/junit/jupiter/junit-jupiter-engine/5.9.1/junit-jupiter-engine-5.9.1.jar:/home/jianwww/.m2/repository/org/junit/platform/junit-platform-engine/1.9.1/junit-platform-engine-1.9.1.jar:"/>
    <property name="java.vm.vendor" value="Amazon.com Inc."/>
    <property name="sun.arch.data.model" value="64"/>
    <property name="java.vendor.url" value="https://aws.amazon.com/corretto/"/>
    <property name="user.timezone" value=""/>
    <property name="java.vm.specification.version" value="11"/>
    <property name="os.name" value="Linux"/>
    <property name="sun.java.launcher" value="SUN_STANDARD"/>
    <property name="user.country" value="US"/>
    <property name="sun.boot.library.path" value="/usr/lib/jvm/java-11-amazon-corretto/lib"/>
    <property name="sun.java.command" value="/local/home/jianwww/myworkplace/Micronaut/target/surefire/surefirebooter14407775684140292077.jar /local/home/jianwww/myworkplace/Micronaut/target/surefire 2023-02-10T05-35-55_148-jvmRun1 surefire12038470454396825711tmp surefire_012108866415819492352tmp"/>
    <property name="jdk.debug" value="release"/>
    <property name="surefire.test.class.path" value="/local/home/jianwww/myworkplace/Micronaut/target/test-classes:/local/home/jianwww/myworkplace/Micronaut/target/classes:/home/jianwww/.m2/repository/io/micronaut/micronaut-inject/3.8.4/micronaut-inject-3.8.4.jar:/home/jianwww/.m2/repository/org/slf4j/slf4j-api/1.7.36/slf4j-api-1.7.36.jar:/home/jianwww/.m2/repository/javax/annotation/javax.annotation-api/1.3.2/javax.annotation-api-1.3.2.jar:/home/jianwww/.m2/repository/jakarta/inject/jakarta.inject-api/2.0.1/jakarta.inject-api-2.0.1.jar:/home/jianwww/.m2/repository/io/micronaut/micronaut-core/3.8.4/micronaut-core-3.8.4.jar:/home/jianwww/.m2/repository/org/yaml/snakeyaml/1.33/snakeyaml-1.33.jar:/home/jianwww/.m2/repository/io/micronaut/micronaut-validation/3.8.4/micronaut-validation-3.8.4.jar:/home/jianwww/.m2/repository/io/micronaut/micronaut-core-reactive/3.8.4/micronaut-core-reactive-3.8.4.jar:/home/jianwww/.m2/repository/org/reactivestreams/reactive-streams/1.0.4/reactive-streams-1.0.4.jar:/home/jianwww/.m2/repository/javax/validation/validation-api/2.0.1.Final/validation-api-2.0.1.Final.jar:/home/jianwww/.m2/repository/io/projectreactor/reactor-core/3.5.0/reactor-core-3.5.0.jar:/home/jianwww/.m2/repository/io/micronaut/aws/micronaut-function-aws/3.10.5/micronaut-function-aws-3.10.5.jar:/home/jianwww/.m2/repository/io/micronaut/micronaut-function/3.8.4/micronaut-function-3.8.4.jar:/home/jianwww/.m2/repository/io/micronaut/micronaut-http/3.8.4/micronaut-http-3.8.4.jar:/home/jianwww/.m2/repository/com/amazonaws/aws-lambda-java-core/1.2.2/aws-lambda-java-core-1.2.2.jar:/home/jianwww/.m2/repository/io/micronaut/aws/micronaut-function-aws-custom-runtime/3.10.5/micronaut-function-aws-custom-runtime-3.10.5.jar:/home/jianwww/.m2/repository/io/micronaut/aws/micronaut-aws-ua/3.10.5/micronaut-aws-ua-3.10.5.jar:/home/jianwww/.m2/repository/com/amazonaws/aws-lambda-java-events/3.11.0/aws-lambda-java-events-3.11.0.jar:/home/jianwww/.m2/repository/joda-time/joda-time/2.6/joda-time-2.6.jar:/home/jianwww/.m2/repository/io/micronaut/micronaut-http-client/3.8.4/micronaut-http-client-3.8.4.jar:/home/jianwww/.m2/repository/io/micronaut/micronaut-runtime/3.8.4/micronaut-runtime-3.8.4.jar:/home/jianwww/.m2/repository/io/micronaut/micronaut-aop/3.8.4/micronaut-aop-3.8.4.jar:/home/jianwww/.m2/repository/io/micronaut/micronaut-context/3.8.4/micronaut-context-3.8.4.jar:/home/jianwww/.m2/repository/io/micronaut/micronaut-http-client-core/3.8.4/micronaut-http-client-core-3.8.4.jar:/home/jianwww/.m2/repository/io/micronaut/micronaut-websocket/3.8.4/micronaut-websocket-3.8.4.jar:/home/jianwww/.m2/repository/io/micronaut/micronaut-http-netty/3.8.4/micronaut-http-netty-3.8.4.jar:/home/jianwww/.m2/repository/io/micronaut/micronaut-buffer-netty/3.8.4/micronaut-buffer-netty-3.8.4.jar:/home/jianwww/.m2/repository/io/netty/netty-codec-http/4.1.86.Final/netty-codec-http-4.1.86.Final.jar:/home/jianwww/.m2/repository/io/netty/netty-codec-http2/4.1.86.Final/netty-codec-http2-4.1.86.Final.jar:/home/jianwww/.m2/repository/io/netty/netty-handler/4.1.86.Final/netty-handler-4.1.86.Final.jar:/home/jianwww/.m2/repository/io/netty/netty-resolver/4.1.86.Final/netty-resolver-4.1.86.Final.jar:/home/jianwww/.m2/repository/io/netty/netty-transport-native-unix-common/4.1.86.Final/netty-transport-native-unix-common-4.1.86.Final.jar:/home/jianwww/.m2/repository/io/netty/netty-handler-proxy/4.1.86.Final/netty-handler-proxy-4.1.86.Final.jar:/home/jianwww/.m2/repository/io/netty/netty-common/4.1.86.Final/netty-common-4.1.86.Final.jar:/home/jianwww/.m2/repository/io/netty/netty-buffer/4.1.86.Final/netty-buffer-4.1.86.Final.jar:/home/jianwww/.m2/repository/io/netty/netty-transport/4.1.86.Final/netty-transport-4.1.86.Final.jar:/home/jianwww/.m2/repository/io/netty/netty-codec/4.1.86.Final/netty-codec-4.1.86.Final.jar:/home/jianwww/.m2/repository/io/netty/netty-codec-socks/4.1.86.Final/netty-codec-socks-4.1.86.Final.jar:/home/jianwww/.m2/repository/io/micronaut/micronaut-jackson-databind/3.8.4/micronaut-jackson-databind-3.8.4.jar:/home/jianwww/.m2/repository/io/micronaut/micronaut-jackson-core/3.8.4/micronaut-jackson-core-3.8.4.jar:/home/jianwww/.m2/repository/io/micronaut/micronaut-json-core/3.8.4/micronaut-json-core-3.8.4.jar:/home/jianwww/.m2/repository/com/fasterxml/jackson/core/jackson-core/2.14.0/jackson-core-2.14.0.jar:/home/jianwww/.m2/repository/com/fasterxml/jackson/core/jackson-annotations/2.14.0/jackson-annotations-2.14.0.jar:/home/jianwww/.m2/repository/com/fasterxml/jackson/core/jackson-databind/2.14.1/jackson-databind-2.14.1.jar:/home/jianwww/.m2/repository/com/fasterxml/jackson/datatype/jackson-datatype-jdk8/2.14.0/jackson-datatype-jdk8-2.14.0.jar:/home/jianwww/.m2/repository/com/fasterxml/jackson/datatype/jackson-datatype-jsr310/2.14.0/jackson-datatype-jsr310-2.14.0.jar:/home/jianwww/.m2/repository/jakarta/annotation/jakarta.annotation-api/2.1.1/jakarta.annotation-api-2.1.1.jar:/home/jianwww/.m2/repository/ch/qos/logback/logback-classic/1.2.11/logback-classic-1.2.11.jar:/home/jianwww/.m2/repository/ch/qos/logback/logback-core/1.2.11/logback-core-1.2.11.jar:/home/jianwww/.m2/repository/io/micronaut/test/micronaut-test-junit5/3.8.2/micronaut-test-junit5-3.8.2.jar:/home/jianwww/.m2/repository/io/micronaut/test/micronaut-test-core/3.8.2/micronaut-test-core-3.8.2.jar:/home/jianwww/.m2/repository/org/junit/jupiter/junit-jupiter-api/5.9.1/junit-jupiter-api-5.9.1.jar:/home/jianwww/.m2/repository/org/opentest4j/opentest4j/1.2.0/opentest4j-1.2.0.jar:/home/jianwww/.m2/repository/org/junit/platform/junit-platform-commons/1.9.1/junit-platform-commons-1.9.1.jar:/home/jianwww/.m2/repository/org/apiguardian/apiguardian-api/1.1.2/apiguardian-api-1.1.2.jar:/home/jianwww/.m2/repository/org/junit/jupiter/junit-jupiter-engine/5.9.1/junit-jupiter-engine-5.9.1.jar:/home/jianwww/.m2/repository/org/junit/platform/junit-platform-engine/1.9.1/junit-platform-engine-1.9.1.jar:"/>
    <property name="sun.cpu.endian" value="little"/>
    <property name="user.home" value="/home/jianwww"/>
    <property name="user.language" value="en"/>
    <property name="java.specification.vendor" value="Oracle Corporation"/>
    <property name="java.version.date" value="2023-01-17"/>
    <property name="java.home" value="/usr/lib/jvm/java-11-amazon-corretto"/>
    <property name="file.separator" value="/"/>
    <property name="basedir" value="/local/home/jianwww/myworkplace/Micronaut"/>
    <property name="java.vm.compressedOopsMode" value="Zero based"/>
    <property name="line.separator" value="&#10;"/>
    <property name="java.specification.name" value="Java Platform API Specification"/>
    <property name="java.vm.specification.vendor" value="Oracle Corporation"/>
    <property name="java.awt.graphicsenv" value="sun.awt.X11GraphicsEnvironment"/>
    <property name="surefire.real.class.path" value="/local/home/jianwww/myworkplace/Micronaut/target/surefire/surefirebooter14407775684140292077.jar"/>
    <property name="sun.management.compiler" value="HotSpot 64-Bit Tiered Compilers"/>
    <property name="java.runtime.version" value="11.0.18+10-LTS"/>
    <property name="user.name" value="jianwww"/>
    <property name="path.separator" value=":"/>
    <property name="os.version" value="5.4.225-139.416.amzn2int.x86_64"/>
    <property name="java.runtime.name" value="OpenJDK Runtime Environment"/>
    <property name="file.encoding" value="UTF-8"/>
    <property name="java.vm.name" value="OpenJDK 64-Bit Server VM"/>
    <property name="java.vendor.version" value="Corretto-11.0.18.10.1"/>
    <property name="localRepository" value="/home/jianwww/.m2/repository"/>
    <property name="java.vendor.url.bug" value="https://github.com/corretto/corretto-11/issues/"/>
    <property name="java.io.tmpdir" value="/tmp"/>
    <property name="java.version" value="11.0.18"/>
    <property name="user.dir" value="/local/home/jianwww/myworkplace/Micronaut"/>
    <property name="os.arch" value="amd64"/>
    <property name="java.vm.specification.name" value="Java Virtual Machine Specification"/>
    <property name="java.awt.printerjob" value="sun.print.PSPrinterJob"/>
    <property name="sun.os.patch.level" value="unknown"/>
    <property name="java.library.path" value="/usr/java/packages/lib:/usr/lib64:/lib64:/lib:/usr/lib"/>
    <property name="java.vm.info" value="mixed mode"/>
    <property name="java.vendor" value="Amazon.com Inc."/>
    <property name="java.vm.version" value="11.0.18+10-LTS"/>
    <property name="sun.io.unicode.encoding" value="UnicodeLittle"/>
    <property name="java.class.version" value="55.0"/>
  </properties>
  <testcase name="testHandler" classname="example.micronaut.FunctionRequestHandlerTest" time="0.012"/>
  <testcase name="testHandler400" classname="example.micronaut.FunctionRequestHandlerTest" time="0.001"/>
</testsuite>